<?xml version="1.0" encoding="UTF-8"?>
<testsuite hostname="WINBN250065-DNA" name="com.suvi.tests.BaseTest" tests="1" failures="0" timestamp="21 Oct 2015 09:43:05 GMT" time="0.018" errors="0">
  <testcase name="@BeforeClass initializeTestBaseSetup" time="0.0" classname="com.suvi.tests.BaseTest">
    <failure type="org.testng.TestNGException" message="
Parameter &amp;apos;browserType&amp;apos; is required by @Configuration on method initializeTestBaseSetup
but has not been marked @Optional or defined in /private/var/folders/rc/tvmrm3cj7d56v574rfj59tqx1lbfl2/T/testng-eclipse-566784803/testng-customsuite.xml">
      <![CDATA[org.testng.TestNGException: 
Parameter 'browserType' is required by @Configuration on method initializeTestBaseSetup
but has not been marked @Optional or defined in /private/var/folders/rc/tvmrm3cj7d56v574rfj59tqx1lbfl2/T/testng-eclipse-566784803/testng-customsuite.xml
	at org.testng.internal.Parameters.createParameters(Parameters.java:144)
	at org.testng.internal.Parameters.createParameters(Parameters.java:342)
	at org.testng.internal.Parameters.createConfigurationParameters(Parameters.java:78)
	at org.testng.internal.Invoker.invokeConfigurations(Invoker.java:190)
	at org.testng.internal.Invoker.invokeConfigurations(Invoker.java:130)
	at org.testng.internal.TestMethodWorker.invokeBeforeClassMethods(TestMethodWorker.java:173)
	at org.testng.internal.TestMethodWorker.run(TestMethodWorker.java:105)
	at org.testng.TestRunner.runWorkers(TestRunner.java:1178)
	at org.testng.TestRunner.privateRun(TestRunner.java:757)
	at org.testng.TestRunner.run(TestRunner.java:608)
	at org.testng.SuiteRunner.runTest(SuiteRunner.java:334)
	at org.testng.SuiteRunner.runSequentially(SuiteRunner.java:329)
	at org.testng.SuiteRunner.privateRun(SuiteRunner.java:291)
	at org.testng.SuiteRunner.run(SuiteRunner.java:240)
	at org.testng.SuiteRunnerWorker.runSuite(SuiteRunnerWorker.java:52)
	at org.testng.SuiteRunnerWorker.run(SuiteRunnerWorker.java:86)
	at org.testng.TestNG.runSuitesSequentially(TestNG.java:1158)
	at org.testng.TestNG.runSuitesLocally(TestNG.java:1083)
	at org.testng.TestNG.run(TestNG.java:999)
	at org.testng.remote.RemoteTestNG.run(RemoteTestNG.java:111)
	at org.testng.remote.RemoteTestNG.initAndRun(RemoteTestNG.java:203)
	at org.testng.remote.RemoteTestNG.main(RemoteTestNG.java:174)
]]>
    </failure>
  </testcase>
  <testcase name="@BeforeClass setUp" time="0.0" classname="com.suvi.tests.BaseTest">
    <skipped/>
  </testcase>
  <testcase name="@AfterClass tearDown" time="0.0" classname="com.suvi.tests.BaseTest">
    <skipped/>
  </testcase>
  <testcase name="verifyHomePage" time="0.003" classname="com.suvi.tests.BaseTest">
    <skipped/>
  </testcase>
</testsuite>
